<?xml version="1.0" encoding="UTF-8"?>
<coverage generated="1666240329221" clover="3.2.0">
  <project timestamp="1666240329221" name="All files">
    <metrics statements="17" coveredstatements="16" conditionals="7" coveredconditionals="6" methods="6" coveredmethods="6" elements="30" coveredelements="28" complexity="0" loc="17" ncloc="17" packages="1" files="4" classes="4"/>
    <file name="arrayClone.js" path="C:\Users\Admin\OneDrive\Máy tính\tdd-with-jest\js\arrayClone.js">
      <metrics statements="2" coveredstatements="2" conditionals="0" coveredconditionals="0" methods="1" coveredmethods="1"/>
      <line num="2" count="1" type="stmt"/>
      <line num="4" count="1" type="stmt"/>
    </file>
    <file name="fibonanci.js" path="C:\Users\Admin\OneDrive\Máy tính\tdd-with-jest\js\fibonanci.js">
      <metrics statements="6" coveredstatements="5" conditionals="2" coveredconditionals="1" methods="2" coveredmethods="2"/>
      <line num="2" count="2" type="cond" truecount="1" falsecount="1"/>
      <line num="4" count="0" type="stmt"/>
      <line num="8" count="1" type="stmt"/>
      <line num="10" count="1" type="stmt"/>
      <line num="12" count="1" type="stmt"/>
      <line num="14" count="1" type="stmt"/>
    </file>
    <file name="pascal.js" path="C:\Users\Admin\OneDrive\Máy tính\tdd-with-jest\js\pascal.js">
      <metrics statements="7" coveredstatements="7" conditionals="5" coveredconditionals="5" methods="2" coveredmethods="2"/>
      <line num="3" count="104" type="cond" truecount="5" falsecount="0"/>
      <line num="5" count="42" type="stmt"/>
      <line num="9" count="5" type="stmt"/>
      <line num="10" count="5" type="stmt"/>
      <line num="11" count="20" type="stmt"/>
      <line num="13" count="5" type="stmt"/>
      <line num="15" count="1" type="stmt"/>
    </file>
    <file name="sum.js" path="C:\Users\Admin\OneDrive\Máy tính\tdd-with-jest\js\sum.js">
      <metrics statements="2" coveredstatements="2" conditionals="0" coveredconditionals="0" methods="1" coveredmethods="1"/>
      <line num="2" count="1" type="stmt"/>
      <line num="5" count="1" type="stmt"/>
    </file>
  </project>
</coverage>
