{"C:\\Users\\Admin\\OneDrive\\Máy tính\\tdd-with-jest\\js\\arrayClone.js": {"path":"C:\\Users\\Admin\\OneDrive\\Máy tính\\tdd-with-jest\\js\\arrayClone.js","statementMap":{"0":{"start":{"line":2,"column":4},"end":{"line":2,"column":21}},"1":{"start":{"line":4,"column":0},"end":{"line":4,"column":29}}},"fnMap":{"0":{"name":"arrayClone","decl":{"start":{"line":1,"column":9},"end":{"line":1,"column":19}},"loc":{"start":{"line":1,"column":27},"end":{"line":3,"column":1}},"line":1}},"branchMap":{},"s":{"0":1,"1":1},"f":{"0":1},"b":{},"_coverageSchema":"1a1c01bbd47fc00a2c39e90264f33305004495a9","hash":"3e83bbaf96c52d9848ab65bb15b8ecedd88fb29d"}
,"C:\\Users\\Admin\\OneDrive\\Máy tính\\tdd-with-jest\\js\\fibonanci.js": {"path":"C:\\Users\\Admin\\OneDrive\\Máy tính\\tdd-with-jest\\js\\fibonanci.js","statementMap":{"0":{"start":{"line":2,"column":2},"end":{"line":2,"column":23}},"1":{"start":{"line":2,"column":14},"end":{"line":2,"column":23}},"2":{"start":{"line":4,"column":2},"end":{"line":4,"column":41}},"3":{"start":{"line":8,"column":10},"end":{"line":8,"column":11}},"4":{"start":{"line":10,"column":2},"end":{"line":10,"column":36}},"5":{"start":{"line":10,"column":32},"end":{"line":10,"column":35}},"6":{"start":{"line":12,"column":2},"end":{"line":12,"column":34}},"7":{"start":{"line":14,"column":1},"end":{"line":14,"column":34}}},"fnMap":{"0":{"name":"Fibonacci","decl":{"start":{"line":1,"column":9},"end":{"line":1,"column":18}},"loc":{"start":{"line":1,"column":22},"end":{"line":5,"column":1}},"line":1},"1":{"name":"checkFibonacci","decl":{"start":{"line":7,"column":9},"end":{"line":7,"column":23}},"loc":{"start":{"line":7,"column":32},"end":{"line":13,"column":1}},"line":7}},"branchMap":{"0":{"loc":{"start":{"line":2,"column":2},"end":{"line":2,"column":23}},"type":"if","locations":[{"start":{"line":2,"column":2},"end":{"line":2,"column":23}},{"start":{},"end":{}}],"line":2}},"s":{"0":2,"1":2,"2":0,"3":1,"4":1,"5":0,"6":1,"7":1},"f":{"0":2,"1":1},"b":{"0":[2,0]},"_coverageSchema":"1a1c01bbd47fc00a2c39e90264f33305004495a9","hash":"0784fe648a7a4c00e752d1acf33db771db25d5aa"}
,"C:\\Users\\Admin\\OneDrive\\Máy tính\\tdd-with-jest\\js\\pascal.js": {"path":"C:\\Users\\Admin\\OneDrive\\Máy tính\\tdd-with-jest\\js\\pascal.js","statementMap":{"0":{"start":{"line":3,"column":2},"end":{"line":3,"column":41}},"1":{"start":{"line":3,"column":33},"end":{"line":3,"column":41}},"2":{"start":{"line":5,"column":2},"end":{"line":5,"column":59}},"3":{"start":{"line":9,"column":16},"end":{"line":9,"column":18}},"4":{"start":{"line":10,"column":8},"end":{"line":12,"column":9}},"5":{"start":{"line":10,"column":20},"end":{"line":10,"column":21}},"6":{"start":{"line":11,"column":12},"end":{"line":11,"column":43}},"7":{"start":{"line":13,"column":2},"end":{"line":13,"column":16}},"8":{"start":{"line":15,"column":0},"end":{"line":15,"column":34}}},"fnMap":{"0":{"name":"Combination","decl":{"start":{"line":1,"column":9},"end":{"line":1,"column":20}},"loc":{"start":{"line":1,"column":27},"end":{"line":6,"column":1}},"line":1},"1":{"name":"PascalRectangle","decl":{"start":{"line":8,"column":9},"end":{"line":8,"column":24}},"loc":{"start":{"line":8,"column":28},"end":{"line":14,"column":1}},"line":8}},"branchMap":{"0":{"loc":{"start":{"line":3,"column":2},"end":{"line":3,"column":41}},"type":"if","locations":[{"start":{"line":3,"column":2},"end":{"line":3,"column":41}},{"start":{},"end":{}}],"line":3},"1":{"loc":{"start":{"line":3,"column":5},"end":{"line":3,"column":31}},"type":"binary-expr","locations":[{"start":{"line":3,"column":5},"end":{"line":3,"column":11}},{"start":{"line":3,"column":15},"end":{"line":3,"column":21}},{"start":{"line":3,"column":25},"end":{"line":3,"column":31}}],"line":3}},"s":{"0":104,"1":62,"2":42,"3":5,"4":5,"5":5,"6":20,"7":5,"8":1},"f":{"0":104,"1":5},"b":{"0":[62,42],"1":[104,73,42]},"_coverageSchema":"1a1c01bbd47fc00a2c39e90264f33305004495a9","hash":"94110e5d83c3c3937e43dbe70240fc28c2915436"}
,"C:\\Users\\Admin\\OneDrive\\Máy tính\\tdd-with-jest\\js\\sum.js": {"path":"C:\\Users\\Admin\\OneDrive\\Máy tính\\tdd-with-jest\\js\\sum.js","statementMap":{"0":{"start":{"line":2,"column":4},"end":{"line":2,"column":17}},"1":{"start":{"line":5,"column":0},"end":{"line":5,"column":22}}},"fnMap":{"0":{"name":"sum","decl":{"start":{"line":1,"column":9},"end":{"line":1,"column":12}},"loc":{"start":{"line":1,"column":18},"end":{"line":3,"column":1}},"line":1}},"branchMap":{},"s":{"0":1,"1":1},"f":{"0":1},"b":{},"_coverageSchema":"1a1c01bbd47fc00a2c39e90264f33305004495a9","hash":"d8cfa863093b67ad581b8d97ba819132ba3a6f0a"}
}
