TN:
SF:js\arrayClone.js
FN:1,arrayClone
FNF:1
FNH:1
FNDA:1,arrayClone
DA:2,1
DA:4,1
LF:2
LH:2
BRF:0
BRH:0
end_of_record
TN:
SF:js\fibonanci.js
FN:1,Fibonacci
FN:7,checkFibonacci
FNF:2
FNH:2
FNDA:2,Fibonacci
FNDA:1,checkFibonacci
DA:2,2
DA:4,0
DA:8,1
DA:10,1
DA:12,1
DA:14,1
LF:6
LH:5
BRDA:2,0,0,2
BRDA:2,0,1,0
BRF:2
BRH:1
end_of_record
TN:
SF:js\pascal.js
FN:1,Combination
FN:8,PascalRectangle
FNF:2
FNH:2
FNDA:104,Combination
FNDA:5,PascalRectangle
DA:3,104
DA:5,42
DA:9,5
DA:10,5
DA:11,20
DA:13,5
DA:15,1
LF:7
LH:7
BRDA:3,0,0,62
BRDA:3,0,1,42
BRDA:3,1,0,104
BRDA:3,1,1,73
BRDA:3,1,2,42
BRF:5
BRH:5
end_of_record
TN:
SF:js\sum.js
FN:1,sum
FNF:1
FNH:1
FNDA:1,sum
DA:2,1
DA:5,1
LF:2
LH:2
BRF:0
BRH:0
end_of_record
